# JRE version: Java(TM) SE Runtime Environment (8.0_101-b13) (build 1.8.0_101-b13)
# Java VM: Java HotSpot(TM) 64-Bit Server VM (25.101-b13 mixed mode windows-amd64 compressed oops)
Heap:
 PSYoungGen      total 3584K, used 2203K [0x00000000eb100000, 0x00000000eb500000, 0x0000000100000000)
  eden space 3072K, 55% used [0x00000000eb100000,0x00000000eb2aaf68,0x00000000eb400000)
  from space 512K, 96% used [0x00000000eb480000,0x00000000eb4fc020,0x00000000eb500000)
  to   space 512K, 0% used [0x00000000eb400000,0x00000000eb400000,0x00000000eb480000)
 ParOldGen       total 5632K, used 404K [0x00000000c1200000, 0x00000000c1780000, 0x00000000eb100000)
  object space 5632K, 7% used [0x00000000c1200000,0x00000000c1265050,0x00000000c1780000)
 Metaspace       used 4528K, capacity 5836K, committed 6016K, reserved 1056768K
  class space    used 553K, capacity 584K, committed 640K, reserved 1048576K
GC Heap History (4 events):
Event: 0.128 GC heap before
{Heap before GC invocations=1 (full 0):
 PSYoungGen      total 2048K, used 1536K [0x00000000eb100000, 0x00000000eb380000, 0x0000000100000000)
  eden space 1536K, 100% used [0x00000000eb100000,0x00000000eb280000,0x00000000eb280000)
  from space 512K, 0% used [0x00000000eb300000,0x00000000eb300000,0x00000000eb380000)
  to   space 512K, 0% used [0x00000000eb280000,0x00000000eb280000,0x00000000eb300000)
 ParOldGen       total 5632K, used 0K [0x00000000c1200000, 0x00000000c1780000, 0x00000000eb100000)
  object space 5632K, 0% used [0x00000000c1200000,0x00000000c1200000,0x00000000c1780000)
 Metaspace       used 3142K, capacity 4716K, committed 4864K, reserved 1056768K
  class space    used 354K, capacity 424K, committed 512K, reserved 1048576K
Event: 0.130 GC heap after
Heap after GC invocations=1 (full 0):
 PSYoungGen      total 2048K, used 480K [0x00000000eb100000, 0x00000000eb500000, 0x0000000100000000)
  eden space 1536K, 0% used [0x00000000eb100000,0x00000000eb100000,0x00000000eb280000)
  from space 512K, 93% used [0x00000000eb280000,0x00000000eb2f8030,0x00000000eb300000)
  to   space 512K, 0% used [0x00000000eb480000,0x00000000eb480000,0x00000000eb500000)
 ParOldGen       total 5632K, used 332K [0x00000000c1200000, 0x00000000c1780000, 0x00000000eb100000)
  object space 5632K, 5% used [0x00000000c1200000,0x00000000c1253010,0x00000000c1780000)
 Metaspace       used 3142K, capacity 4716K, committed 4864K, reserved 1056768K
  class space    used 354K, capacity 424K, committed 512K, reserved 1048576K
}
Event: 0.174 GC heap before
{Heap before GC invocations=2 (full 0):
 PSYoungGen      total 2048K, used 2016K [0x00000000eb100000, 0x00000000eb500000, 0x0000000100000000)
  eden space 1536K, 100% used [0x00000000eb100000,0x00000000eb280000,0x00000000eb280000)
  from space 512K, 93% used [0x00000000eb280000,0x00000000eb2f8030,0x00000000eb300000)
  to   space 512K, 0% used [0x00000000eb480000,0x00000000eb480000,0x00000000eb500000)
 ParOldGen       total 5632K, used 332K [0x00000000c1200000, 0x00000000c1780000, 0x00000000eb100000)
  object space 5632K, 5% used [0x00000000c1200000,0x00000000c1253010,0x00000000c1780000)
 Metaspace       used 3961K, capacity 5324K, committed 5504K, reserved 1056768K
  class space    used 467K, capacity 520K, committed 640K, reserved 1048576K
Event: 0.176 GC heap after
Heap after GC invocations=2 (full 0):
 PSYoungGen      total 3584K, used 496K [0x00000000eb100000, 0x00000000eb500000, 0x0000000100000000)
  eden space 3072K, 0% used [0x00000000eb100000,0x00000000eb100000,0x00000000eb400000)
  from space 512K, 96% used [0x00000000eb480000,0x00000000eb4fc020,0x00000000eb500000)
  to   space 512K, 0% used [0x00000000eb400000,0x00000000eb400000,0x00000000eb480000)
 ParOldGen       total 5632K, used 404K [0x00000000c1200000, 0x00000000c1780000, 0x00000000eb100000)
  object space 5632K, 7% used [0x00000000c1200000,0x00000000c1265050,0x00000000c1780000)
 Metaspace       used 3961K, capacity 5324K, committed 5504K, reserved 1056768K
  class space    used 467K, capacity 520K, committed 640K, reserved 1048576K
}

